20
16 13 6 9 1 6 15 6 15 5 2 15 20 11 18 14 16 11 12
0 2 15 7 2 16 4 2 8 9 17 5 13 8 8 19 1 4 8
14 12 11 6 3 4 2 13 19 20 15 13 2 13 7 18 18 1 19
15 3 19 14 4 1 6 14 11 2 10 3 16 3 13 17 2 5 20
19 19 5 10 5 3 8 17 10 1 1 20 10 19 6 5 15 18 5
4 7 10 13 6 2 1 15 4 12 5 8 12 6 15 13 7 20 6
17 5 9 17 7 5 20 1 1 7 4 18 19 15 17 12 19 16 7
1 14 8 5 8 10 9 20 6 8 20 7 3 5 2 15 12 2 13
3 4 1 16 9 17 10 19 14 11 3 11 9 1 9 11 4 3 17
11 16 2 18 10 15 5 18 13 17 9 1 7 18 5 1 20 14 3
8 8 3 8 11 7 16 3 17 13 19 10 8 9 11 2 14 7 11
18 9 13 11 12 13 13 12 7 18 16 19 14 4 4 9 5 13 15
2 11 20 19 13 11 12 9 18 19 12 12 15 7 19 7 6 8 1
13 18 18 1 14 18 18 8 5 6 7 9 17 10 12 16 11 9 10
10 20 16 4 15 20 17 11 3 3 11 16 6 12 14 6 9 12 18
7 10 7 2 16 19 19 4 2 10 6 2 1 14 10 10 17 19 2
5 6 14 3 17 12 7 5 20 15 8 4 5 17 1 20 3 10 16
6 17 12 15 18 14 14 10 12 16 18 17 11 20 20 3 10 17 14
12 15 4 12 19 9 3 16 9 4 14 14 18 2 3 4 8 6 9
9 1 17 20 20 8 11 7 16 14 13 6 4 16 16 8 13 15 4
6
0 2 15 7 2 16 4 2 8 9 17 5 13 8 8 19 1 4 8
3 4 1 16 9 17 10 19 14 11 3 11 9 1 9 11 4 3 17
7 10 7 2 16 19 19 4 2 10 6 2 1 14 10 10 17 19 2
11 16 2 18 10 15 5 18 13 17 9 1 7 18 5 1 20 14 3
14 12 11 6 3 4 2 13 19 20 15 13 2 13 7 18 18 1 19
15 3 19 14 4 1 6 14 11 2 10 3 16 3 13 17 2 5 20
189